<?xml version="1.0" encoding="UTF-8"?>
<testng-results ignored="0" total="1" passed="1" failed="0" skipped="0">
  <reporter-output>
  </reporter-output>
  <suite started-at="2024-02-03T13:04:04 IST" name="Default suite" finished-at="2024-02-03T13:04:16 IST" duration-ms="11856">
    <groups>
    </groups>
    <test started-at="2024-02-03T13:04:04 IST" name="Default test" finished-at="2024-02-03T13:04:16 IST" duration-ms="11856">
      <class name="com.Learning_TestNG.Learning_ExtentReport">
        <test-method signature="loginText()[pri:0, instance:com.Learning_TestNG.Learning_ExtentReport@4802796d]" started-at="2024-02-03T13:04:04 IST" name="loginText" finished-at="2024-02-03T13:04:16 IST" duration-ms="11775" status="PASS">
          <reporter-output>
          </reporter-output>
        </test-method> <!-- loginText -->
      </class> <!-- com.Learning_TestNG.Learning_ExtentReport -->
    </test> <!-- Default test -->
  </suite> <!-- Default suite -->
</testng-results>
